  awgn_bpsk_channel.cpp
C:\Project\PolarCode_cpp\PolarCode\awgn_bpsk_channel.cpp(56,20): warning C4018: <: несоответствие типов со знаком и без знака
C:\Project\PolarCode_cpp\PolarCode\awgn_bpsk_channel.cpp(58,34): warning C4244: +=: преобразование "double" в "_Ty", возможна потеря данных
          with
          [
              _Ty=int
          ]
C:\Project\PolarCode_cpp\PolarCode\awgn_bpsk_channel.cpp(61,34): warning C4244: -=: преобразование "double" в "_Ty", возможна потеря данных
          with
          [
              _Ty=int
          ]
C:\Project\PolarCode_cpp\PolarCode\awgn_bpsk_channel.cpp(76,20): warning C4018: <: несоответствие типов со знаком и без знака
C:\Project\PolarCode_cpp\PolarCode\awgn_bpsk_channel.cpp(83,20): warning C4018: <: несоответствие типов со знаком и без знака
C:\Project\PolarCode_cpp\PolarCode\awgn_bpsk_channel.cpp(96,20): warning C4018: <: несоответствие типов со знаком и без знака
C:\Project\PolarCode_cpp\PolarCode\awgn_bpsk_channel.cpp(134,20): warning C4018: <: несоответствие типов со знаком и без знака
  main.cpp
C:\Project\PolarCode_cpp\PolarCode\main.h(6,20): warning C4018: <: несоответствие типов со знаком и без знака
C:\Project\PolarCode_cpp\PolarCode\main.h(13,20): warning C4018: <: несоответствие типов со знаком и без знака
C:\Project\PolarCode_cpp\PolarCode\main.h(20,20): warning C4018: <: несоответствие типов со знаком и без знака
C:\Project\PolarCode_cpp\PolarCode\main.h(27,20): warning C4018: <: несоответствие типов со знаком и без знака
  polar_code.cpp
C:\Project\PolarCode_cpp\PolarCode\polar_code.cpp(12,10): warning C4244: =: преобразование "double" в "int", возможна потеря данных
C:\Project\PolarCode_cpp\PolarCode\polar_code.cpp(38,10): warning C4244: =: преобразование "double" в "int", возможна потеря данных
C:\Project\PolarCode_cpp\PolarCode\polar_code.cpp(177,11): warning C4244: =: преобразование "double" в "int", возможна потеря данных
C:\Project\PolarCode_cpp\PolarCode\polar_code.cpp(255,21): warning C4018: <: несоответствие типов со знаком и без знака
C:\Project\PolarCode_cpp\PolarCode\polar_code.cpp(263,21): warning C4018: <: несоответствие типов со знаком и без знака
C:\Project\PolarCode_cpp\PolarCode\polar_code.cpp(342,11): warning C4244: инициализация: преобразование "double" в "int", возможна потеря данных
C:\Project\PolarCode_cpp\PolarCode\polar_code.cpp(364,19): warning C4244: =: преобразование "double" в "int", возможна потеря данных
C:\Project\PolarCode_cpp\PolarCode\polar_code.cpp(416,19): warning C4244: =: преобразование "double" в "int", возможна потеря данных
C:\Project\PolarCode_cpp\PolarCode\polar_code.cpp(431,11): warning C4244: инициализация: преобразование "double" в "int", возможна потеря данных
C:\Project\PolarCode_cpp\PolarCode\polar_code.cpp(448,20): warning C4018: <: несоответствие типов со знаком и без знака
C:\Project\PolarCode_cpp\PolarCode\polar_code.cpp(456,20): warning C4018: <: несоответствие типов со знаком и без знака
C:\Project\PolarCode_cpp\PolarCode\polar_code.cpp(465,20): warning C4018: <: несоответствие типов со знаком и без знака
C:\Project\PolarCode_cpp\PolarCode\polar_code.cpp(483,20): warning C4018: <: несоответствие типов со знаком и без знака
C:\Project\PolarCode_cpp\PolarCode\polar_code.cpp(484,21): warning C4018: <: несоответствие типов со знаком и без знака
  Создание кода...
  PolarCode.vcxproj -> C:\Project\PolarCode_cpp\Debug\PolarCode.exe
